================================================================================
Appcelerator Titanium Diagnostics Build Log
The contents of this file are useful to send to Appcelerator Support if
reporting an issue to help us understand your environment, build settings
and aid in debugging. Please attach this log to any issue that you report.
================================================================================

Starting build at 10/07/12 21:15

Build details:

   timestamp=08/24/12 14:46
   module_apiversion=2
   version=2.1.2
   githash=ed7f777


Script arguments:
   /Users/vestige/Library/Application Support/Titanium/mobilesdk/osx/2.1.2.GA/iphone/builder.py
   simulator
   6.0
   /Users/vestige/Documents/Titanium_Studio_Workspace/Toteka
   vst
   Toteka
   ipad
   ipad
   

Building from: /Users/vestige/Library/Application Support/Titanium/mobilesdk/osx/2.1.2.GA/iphone
Platform: Darwin Kernel Version 12.2.0: Sat Aug 25 00:48:52 PDT 2012; root:xnu-2050.18.24~1/RELEASE_X86_64

Xcode path is: /Applications/Xcode.app/Contents/Developer


githash=ed7f777, existing_git_hash=ed7f777
writing contents of /Users/vestige/Documents/Titanium_Studio_Workspace/Toteka/build/iphone/project.xcconfig:

TI_VERSION=2.1.2.GA
TI_SDK_DIR=/Users/vestige/Library/Application Support/Titanium/mobilesdk/osx/$(TI_VERSION)/iphone
TI_APPID=vst
OTHER_LDFLAGS[sdk=iphoneos*]=$(inherited) -weak_framework iAd
OTHER_LDFLAGS[sdk=iphonesimulator*]=$(inherited) -weak_framework iAd
#include "module"

old contents


Generated the following stylecode code:

<?xml version="1.0" encoding="UTF-8"?>
<!DOCTYPE plist PUBLIC "-//Apple//DTD PLIST 1.0//EN" "http://www.apple.com/DTDs/PropertyList-1.0.dtd">
<plist version="1.0">
	<dict>
		<key>classes</key>
		<dict>
</dict>

		<key>classes_density</key>
		<dict>
</dict>

		<key>ids</key>
		<dict>
</dict>

		<key>ids_density</key>
		<dict>
</dict>

		<key>tags</key>
		<dict>
</dict>

		<key>tags_density</key>
		<dict>
</dict>

	</dict>
</plist>
Finishing build
